[2020-12-25 20:50:35,243] {taskinstance.py:670} INFO - Dependencies all met for <TaskInstance: tutorial.print_date 2020-12-24T00:00:00+00:00 [queued]>
[2020-12-25 20:50:35,265] {taskinstance.py:670} INFO - Dependencies all met for <TaskInstance: tutorial.print_date 2020-12-24T00:00:00+00:00 [queued]>
[2020-12-25 20:50:35,266] {taskinstance.py:880} INFO - 
--------------------------------------------------------------------------------
[2020-12-25 20:50:35,266] {taskinstance.py:881} INFO - Starting attempt 1 of 2
[2020-12-25 20:50:35,266] {taskinstance.py:882} INFO - 
--------------------------------------------------------------------------------
[2020-12-25 20:50:35,280] {taskinstance.py:901} INFO - Executing <Task(BashOperator): print_date> on 2020-12-24T00:00:00+00:00
[2020-12-25 20:50:35,283] {standard_task_runner.py:54} INFO - Started process 2679 to run task
[2020-12-25 20:50:35,325] {standard_task_runner.py:77} INFO - Running: ['airflow', 'run', 'tutorial', 'print_date', '2020-12-24T00:00:00+00:00', '--job_id', '3', '--pool', 'default_pool', '--raw', '-sd', 'DAGS_FOLDER/tutorial.py', '--cfg_path', '/tmp/tmpj888lwui']
[2020-12-25 20:50:35,327] {standard_task_runner.py:78} INFO - Job 3: Subtask print_date
[2020-12-25 20:50:35,361] {logging_mixin.py:112} INFO - Running <TaskInstance: tutorial.print_date 2020-12-24T00:00:00+00:00 [running]> on host 6bafb02191b8
[2020-12-25 20:50:35,391] {bash_operator.py:113} INFO - Tmp dir root location: 
 /tmp
[2020-12-25 20:50:35,392] {bash_operator.py:136} INFO - Temporary script location: /tmp/airflowtmp9vpft3sm/print_date0jcbz7f4
[2020-12-25 20:50:35,393] {bash_operator.py:146} INFO - Running command: date
[2020-12-25 20:50:35,399] {bash_operator.py:153} INFO - Output:
[2020-12-25 20:50:35,402] {bash_operator.py:157} INFO - Fri Dec 25 20:50:35 UTC 2020
[2020-12-25 20:50:35,403] {bash_operator.py:161} INFO - Command exited with return code 0
[2020-12-25 20:50:35,415] {taskinstance.py:1070} INFO - Marking task as SUCCESS.dag_id=tutorial, task_id=print_date, execution_date=20201224T000000, start_date=20201225T205035, end_date=20201225T205035
[2020-12-25 20:50:40,233] {local_task_job.py:102} INFO - Task exited with return code 0
